\BOOKMARK [0][-]{Doc-Start}{ABSTRACT}{}% 1
\BOOKMARK [0][-]{chapter.1}{Introduction}{}% 2
\BOOKMARK [0][-]{chapter.2}{Scientific Background}{}% 3
\BOOKMARK [0][-]{chapter.3}{Literature Review}{}% 4
\BOOKMARK [1][-]{section.3.1}{Model Basics}{chapter.3}% 5
\BOOKMARK [1][-]{section.3.2}{Known Characteristic Profiles}{chapter.3}% 6
\BOOKMARK [1][-]{section.3.3}{Unknown Profiles and Proportions}{chapter.3}% 7
\BOOKMARK [0][-]{chapter.4}{Our Method}{}% 8
\BOOKMARK [1][-]{section.4.1}{A Basic Example}{chapter.4}% 9
\BOOKMARK [1][-]{section.4.2}{Concentrations and Expressions}{chapter.4}% 10
\BOOKMARK [1][-]{section.4.3}{A General Model}{chapter.4}% 11
\BOOKMARK [1][-]{section.4.4}{Comparison}{chapter.4}% 12
\BOOKMARK [1][-]{section.4.5}{Estimating \040and Choosing Markers.}{chapter.4}% 13
\BOOKMARK [2][-]{subsection.4.5.1}{Estimating }{section.4.5}% 14
\BOOKMARK [2][-]{subsection.4.5.2}{Choosing Markers}{section.4.5}% 15
\BOOKMARK [0][-]{chapter.5}{Analysis on Real Data}{}% 16
\BOOKMARK [1][-]{section.5.1}{Methods and Implementations}{chapter.5}% 17
\BOOKMARK [1][-]{section.5.2}{The Rat Data Set}{chapter.5}% 18
\BOOKMARK [1][-]{section.5.3}{The Blood Data set}{chapter.5}% 19
\BOOKMARK [0][-]{chapter.6}{Conclusion}{}% 20
\BOOKMARK [0][-]{chapter.6}{BIBLIOGRAPHY}{}% 21
\BOOKMARK [0][-]{chapter.6}{APPENDICES}{}% 22
